"blank"			"=========================="
"blank"			"#Valve_Movement_Title"
"blank"			"=========================="
"+forward"				"#Valve_Move_Forward"
"+back"					"#Valve_Move_Back"
"+moveleft"				"#Valve_Move_Left"
"+moveright"			"#Valve_Move_Right"
"+speed"             	"#Valve_Sprint"
"+jump"					"#Valve_Jump"
"+duck"					"#Valve_Duck"
"blank"			"=========================="
"blank"			"#Valve_Combat_Title"
"blank"			"=========================="
"ToggleBuyMenu"			"#MFS_BuyMenu"
"+drop"					"#Valve_Drop_Weapon"
"chooseteam"			"#MFS_Choose_Team"
"+attack"				"#Valve_Primary_Attack"
"+attack2"				"#Valve_Secondary_Attack"
"+reload"				"#Valve_Reload_Weapon"
"+use"					"#Valve_Use_Items"
"phys_swap"				"#Valve_Gravity_Gun"
"impulse 100"			"#Valve_Flashlight"
"+zoom"					"#Valve_Suit_Zoom"
"impulse 50"			"#Valve_Commander_Mode"
"slot1"					"#Valve_Weapon_Category_1"
"slot2"					"#Valve_Weapon_Category_2"
"slot3" 				"#Valve_Weapon_Category_3"
"slot4"					"#Valve_Weapon_Category_4"
"slot5"					"#Valve_Weapon_Category_5"
"slot6"					"#Valve_Weapon_Category_6"
"slot7"					"#Valve_Weapon_Category_7"
"invnext"				"#Valve_Next_Weapon"
"invprev"				"#Valve_Previous_Weapon"
"lastinv"				"#Valve_Last_Weapon_Used"
"use weapon_knife"  	"#MFS_Blue_Knife_Menu"
"use weapon_crowbar"    "#MFS_Red_Knife_Menu"
"use weapon_physcannon"	"#MFS_Admin_Gun_Menu"
"use weapon_pistol"		"#MFS_Pistol_Menu"
"use weapon_357"		"#MFS_357Handgun_Menu"
"use weapon_smg1"		"#MFS_SMG1_Menu"
"use weapon_ar2"		"#MFS_Pulse_Rifle_Menu"
"use weapon_shotgun"	"#MFS_Shotgun_Menu"
"use weapon_crossbow"	"#MFS_Crossbow_Menu"	
"use weapon_frag"		"#MFS_Grenade_Menu"
"use weapon_rpg"		"#MFS_RPG_Menu"
"use weapon_SLAM"		"#MFS_SLAM_Menu"
"use weapon_gauss"		"#MFS_Cannon_Menu"
"use weapon_minigun"	"#MFS_MiniGun_Menu"
"use weapon_healthkit"	"#MFS_PHK_Menu"
"ironsight_toggle"		"Toggle_Ironsight"
"blank"			"=========================="
"blank"			"#Valve_Communication_Title"
"blank"			"=========================="
"+voicerecord"			"#Valve_Use_Voice_Communication"
"messagemode"			"#Valve_Chat_Message"
"messagemode2"			"#Valve_Team_Message"
"blank"			"=========================="
"blank"			"#Valve_Miscellaneous_Title"
"blank"			"=========================="
"incrementvar closecaption 0 1 1"	"#Valve_CC_Toggle"
"jpeg"					"#Valve_Take_Screen_Shot"
"+showscores"			"#Valve_Display_Scores"
"impulse 201"			"#Valve_Spray_Logo"
"save quick"			"#Valve_Quick_Save"
"load quick"			"#Valve_Quick_Load"
"pause"					"#Valve_Pause_Game"
"quit"					"#Valve_Quit_Game"
"mat_queue_mode 2;cl_threaded_bone_setup 1;cl_threaded_client_leaf_system 1;r_threaded_client_shadow_manager 1;r_threaded_particles 1;r_threaded_renderables 1;snd_mix_async 1;r_queued_decals 1;r_queued_post_processing 1;r_queued_ropes 1;cl_interp_threadmodeticks 1;Host_thread_mode 1;threadpool_affinity 1;net_queued_packet_thread 1;net_queue_trace 1" 	"#MFS_MOn"
"mat_queue_mode 0;cl_threaded_bone_setup 0;cl_threaded_client_leaf_system 0;r_threaded_client_shadow_manager 0;r_threaded_particles 0;r_threaded_renderables 0;snd_mix_async 0;r_queued_decals 0;r_queued_post_processing 0;r_queued_ropes 0;cl_interp_threadmodeticks 0;Host_thread_mode 0;threadpool_affinity 0;net_queued_packet_thread 0;net_queue_trace 0" 	"#MFS_MOff"
"impulse 202"			"#MFS_Jingle"
"blank"			"=========================="
"blank"			"#Valve_Miscellaneous_Keyboard_Keys_Title"
"blank"			"=========================="
"+walk"             	"#Valve_Walk"
"+left"					"#Valve_Turn_Left"
"+right"				"#Valve_Turn_Right"
"+moveup"				"#Valve_Swim_Up"
"+movedown"				"#Valve_Swim_Down"
"+lookup"				"#Valve_Look_Up"
"+lookdown"				"#Valve_Look_Down"
"+strafe"				"#Valve_Strafe_Modifier"
"+klook"				"#Valve_Keyboard_Look_Modifier"
"blank"			"=========================="
"blank"			"#MFS_Cheating"
"blank"			"=========================="
"exec fun0"		"#MFS_Exec0"
"exec fun1"		"#MFS_Exec1"
"exec fun2"		"#MFS_Exec2"
"exec fun3"		"#MFS_Exec3"
"exec fun4"		"#MFS_Exec4"
"exec fun5"		"#MFS_Exec5"
"exec fun6"		"#MFS_Exec6"
"exec fun7"		"#MFS_Exec7"
"exec fun8"		"#MFS_Exec8"
"exec fun9"		"#MFS_Exec9"
"noclip"		"#MFS_noclip"
"impulse 203"	"#MFS_trolld"
"mat_fullbright 1"	"#MFS_fullbright1"
"developer 2;net_graph 4;echo Developer Mode On Press F4 to Turn It Off"		"#MFS_DOn"
"developer 0;net_graph 0"		"#MFS_DOff"